2026-05-26 09:24:29,658 INFO o.a.j.u.JMeterUtils: Setting Locale to en_EN
2026-05-26 09:24:29,665 INFO o.a.j.JMeter: Loading user properties from: D:\apache-jmeter-5.6.3\bin\user.properties
2026-05-26 09:24:29,666 INFO o.a.j.JMeter: Loading system properties from: D:\apache-jmeter-5.6.3\bin\system.properties
2026-05-26 09:24:29,669 INFO o.a.j.JMeter: Copyright (c) 1998-2024 The Apache Software Foundation
2026-05-26 09:24:29,669 INFO o.a.j.JMeter: Version 5.6.3
2026-05-26 09:24:29,669 INFO o.a.j.JMeter: java.version=1.8.0_341
2026-05-26 09:24:29,669 INFO o.a.j.JMeter: java.vm.name=Java HotSpot(TM) 64-Bit Server VM
2026-05-26 09:24:29,669 INFO o.a.j.JMeter: os.name=Windows 11
2026-05-26 09:24:29,669 INFO o.a.j.JMeter: os.arch=amd64
2026-05-26 09:24:29,669 INFO o.a.j.JMeter: os.version=10.0
2026-05-26 09:24:29,669 INFO o.a.j.JMeter: file.encoding=GBK
2026-05-26 09:24:29,669 INFO o.a.j.JMeter: java.awt.headless=true
2026-05-26 09:24:29,670 INFO o.a.j.JMeter: Max memory     =1073741824
2026-05-26 09:24:29,670 INFO o.a.j.JMeter: Available Processors =20
2026-05-26 09:24:29,671 INFO o.a.j.JMeter: Default Locale=English (EN)
2026-05-26 09:24:29,671 INFO o.a.j.JMeter: JMeter  Locale=English (EN)
2026-05-26 09:24:29,671 INFO o.a.j.JMeter: JMeterHome=D:\apache-jmeter-5.6.3
2026-05-26 09:24:29,671 INFO o.a.j.JMeter: user.dir  =C:\Users\hinazuki\Desktop\flash-sale-system
2026-05-26 09:24:29,673 INFO o.a.j.JMeter: PWD       =C:\Users\hinazuki\Desktop\flash-sale-system
2026-05-26 09:24:36,703 INFO o.a.j.JMeter: IP: 192.168.1.4 Name: HINAZUKI FullName: HINAZUKI
2026-05-26 09:24:36,714 INFO o.a.j.JMeter: Setting property 'jmeter.reportgenerator.outputdir' to:'C:\Users\hinazuki\Desktop\flash-sale-system\report-locked'
2026-05-26 09:24:36,715 ERROR o.a.j.JMeter: An error occurred: 
org.apache.jmeter.report.config.ConfigurationException: The file C:\Users\hinazuki\Desktop\flash-sale-system\checkout-stress-test.jmx doesn't exist or can't be opened
	at org.apache.jmeter.JMeter.runNonGui(JMeter.java:950) ~[ApacheJMeter_core.jar:5.6.3]
	at org.apache.jmeter.JMeter.startNonGui(JMeter.java:940) ~[ApacheJMeter_core.jar:5.6.3]
	at org.apache.jmeter.JMeter.start(JMeter.java:508) [ApacheJMeter_core.jar:5.6.3]
	at sun.reflect.NativeMethodAccessorImpl.invoke0(Native Method) ~[?:1.8.0_341]
	at sun.reflect.NativeMethodAccessorImpl.invoke(Unknown Source) ~[?:1.8.0_341]
	at sun.reflect.DelegatingMethodAccessorImpl.invoke(Unknown Source) ~[?:1.8.0_341]
	at java.lang.reflect.Method.invoke(Unknown Source) ~[?:1.8.0_341]
	at org.apache.jmeter.NewDriver.main(NewDriver.java:259) [ApacheJMeter.jar:5.6.3]
